commit 66875b78112d5e1b4e61794dbbb51f293f3a1200
Author: Anthony Nguyen <anthony@cs.utexas.edu>
Date:   Thu Sep 22 19:37:33 2016 -0500

    added make travis

commit 29d6664ff6ff8d2f3a42c1c7fefc49f7ab9bb704
Author: asnguyen <asnguyen@users.noreply.github.com>
Date:   Thu Sep 22 19:33:05 2016 -0500

    Update .travis.yml

commit 241b564b8d8fdff0551edcf7e8b32619505eafd6
Author: Anthony Nguyen <anthony@cs.utexas.edu>
Date:   Thu Sep 22 19:23:02 2016 -0500

    travis test 1

commit 4308831407aa4540fd5137b42f007d3caa911305
Merge: aafc220 c14a7f4
Author: Anthony Nguyen <anthony@cs.utexas.edu>
Date:   Thu Sep 22 19:22:38 2016 -0500

    Merge branch 'master' of https://github.com/asnguyen/cs371p-netflix

commit aafc2206f769608b5d0b6dc2f0f6d3199c559714
Author: Anthony Nguyen <anthony@cs.utexas.edu>
Date:   Thu Sep 22 19:22:23 2016 -0500

    testing travis 1

commit c14a7f467cacb55fef8584b8448b146b8c724152
Author: asnguyen <asnguyen@users.noreply.github.com>
Date:   Thu Sep 22 19:21:07 2016 -0500

    Create .travis.yml

commit 8bd5298b08352cfcfc281cd7d7517018b5027277
Author: asnguyen <asnguyen@users.noreply.github.com>
Date:   Thu Sep 22 19:20:20 2016 -0500

    Update .gitignore

commit 9a4b2cb9db21937b85f45bc26bb1cb6a7825ddf2
Author: asnguyen <asnguyen@users.noreply.github.com>
Date:   Sun Sep 18 12:27:51 2016 -0500

    Initial commit
